<?xml version="1.0" encoding="UTF-8"?>
<testsuite name="com.github.costacarol.coopmeeting.ControllerTest" tests="13" skipped="0" failures="0" errors="0" timestamp="2021-12-24T17:36:04" hostname="carolina" time="0.513">
  <properties/>
  <testcase name="addNewVoteOption()" classname="com.github.costacarol.coopmeeting.ControllerTest" time="0.298"/>
  <testcase name="shouldReturnBadRequestWhenAddNewVote()" classname="com.github.costacarol.coopmeeting.ControllerTest" time="0.025"/>
  <testcase name="shouldReturnSuccessInOpenSessionWithTime()" classname="com.github.costacarol.coopmeeting.ControllerTest" time="0.022"/>
  <testcase name="shouldReturnSuccessWhenAddNewVote()" classname="com.github.costacarol.coopmeeting.ControllerTest" time="0.02"/>
  <testcase name="shouldReturnSuccessOnComputeVotesWithNoResult()" classname="com.github.costacarol.coopmeeting.ControllerTest" time="0.015"/>
  <testcase name="shouldReturnBadRequestInOpenSessionDefault()" classname="com.github.costacarol.coopmeeting.ControllerTest" time="0.013"/>
  <testcase name="addNewAssociate()" classname="com.github.costacarol.coopmeeting.ControllerTest" time="0.015"/>
  <testcase name="shouldReturnBadRequestOnComputeVotesWithNoSchedule()" classname="com.github.costacarol.coopmeeting.ControllerTest" time="0.012"/>
  <testcase name="shouldReturnBadRequestInOpenSessionWithTime()" classname="com.github.costacarol.coopmeeting.ControllerTest" time="0.012"/>
  <testcase name="shouldReturnSuccessOnComputeVotesWithDraw()" classname="com.github.costacarol.coopmeeting.ControllerTest" time="0.011"/>
  <testcase name="addNewSchedule()" classname="com.github.costacarol.coopmeeting.ControllerTest" time="0.017"/>
  <testcase name="shouldReturnSuccessInOpenSessionDefault()" classname="com.github.costacarol.coopmeeting.ControllerTest" time="0.015"/>
  <testcase name="shouldReturnSuccessOnComputeVotesWithYesResult()" classname="com.github.costacarol.coopmeeting.ControllerTest" time="0.014"/>
  <system-out><![CDATA[14:35:50.739 [Test worker] DEBUG org.springframework.test.context.BootstrapUtils - Instantiating CacheAwareContextLoaderDelegate from class [org.springframework.test.context.cache.DefaultCacheAwareContextLoaderDelegate]
14:35:50.752 [Test worker] DEBUG org.springframework.test.context.BootstrapUtils - Instantiating BootstrapContext using constructor [public org.springframework.test.context.support.DefaultBootstrapContext(java.lang.Class,org.springframework.test.context.CacheAwareContextLoaderDelegate)]
14:35:50.807 [Test worker] DEBUG org.springframework.test.context.BootstrapUtils - Instantiating TestContextBootstrapper for test class [com.github.costacarol.coopmeeting.ControllerTest] from class [org.springframework.boot.test.context.SpringBootTestContextBootstrapper]
14:35:50.882 [Test worker] INFO org.springframework.boot.test.context.SpringBootTestContextBootstrapper - Neither @ContextConfiguration nor @ContextHierarchy found for test class [com.github.costacarol.coopmeeting.ControllerTest], using SpringBootContextLoader
14:35:50.887 [Test worker] DEBUG org.springframework.test.context.support.AbstractContextLoader - Did not detect default resource location for test class [com.github.costacarol.coopmeeting.ControllerTest]: class path resource [com/github/costacarol/coopmeeting/ControllerTest-context.xml] does not exist
14:35:50.888 [Test worker] DEBUG org.springframework.test.context.support.AbstractContextLoader - Did not detect default resource location for test class [com.github.costacarol.coopmeeting.ControllerTest]: class path resource [com/github/costacarol/coopmeeting/ControllerTestContext.groovy] does not exist
14:35:50.888 [Test worker] INFO org.springframework.test.context.support.AbstractContextLoader - Could not detect default resource locations for test class [com.github.costacarol.coopmeeting.ControllerTest]: no resource found for suffixes {-context.xml, Context.groovy}.
14:35:50.890 [Test worker] INFO org.springframework.test.context.support.AnnotationConfigContextLoaderUtils - Could not detect default configuration classes for test class [com.github.costacarol.coopmeeting.ControllerTest]: ControllerTest does not declare any static, non-private, non-final, nested classes annotated with @Configuration.
14:35:50.983 [Test worker] DEBUG org.springframework.test.context.support.ActiveProfilesUtils - Could not find an 'annotation declaring class' for annotation type [org.springframework.test.context.ActiveProfiles] and class [com.github.costacarol.coopmeeting.ControllerTest]
14:35:51.064 [Test worker] DEBUG org.springframework.context.annotation.ClassPathScanningCandidateComponentProvider - Identified candidate component class: file [/home/carolina/Desktop/CoopMeeting/build/classes/java/main/com/github/costacarol/coopmeeting/CoopMeetingApplication.class]
14:35:51.065 [Test worker] INFO org.springframework.boot.test.context.SpringBootTestContextBootstrapper - Found @SpringBootConfiguration com.github.costacarol.coopmeeting.CoopMeetingApplication for test class com.github.costacarol.coopmeeting.ControllerTest
14:35:51.213 [Test worker] DEBUG org.springframework.boot.test.context.SpringBootTestContextBootstrapper - @TestExecutionListeners is not present for class [com.github.costacarol.coopmeeting.ControllerTest]: using defaults.
14:35:51.214 [Test worker] INFO org.springframework.boot.test.context.SpringBootTestContextBootstrapper - Loaded default TestExecutionListener class names from location [META-INF/spring.factories]: [org.springframework.boot.test.autoconfigure.restdocs.RestDocsTestExecutionListener, org.springframework.boot.test.autoconfigure.web.client.MockRestServiceServerResetTestExecutionListener, org.springframework.boot.test.autoconfigure.web.servlet.MockMvcPrintOnlyOnFailureTestExecutionListener, org.springframework.boot.test.autoconfigure.web.servlet.WebDriverTestExecutionListener, org.springframework.boot.test.autoconfigure.webservices.client.MockWebServiceServerTestExecutionListener, org.springframework.boot.test.mock.mockito.MockitoTestExecutionListener, org.springframework.boot.test.mock.mockito.ResetMocksTestExecutionListener, org.springframework.test.context.web.ServletTestExecutionListener, org.springframework.test.context.support.DirtiesContextBeforeModesTestExecutionListener, org.springframework.test.context.event.ApplicationEventsTestExecutionListener, org.springframework.test.context.support.DependencyInjectionTestExecutionListener, org.springframework.test.context.support.DirtiesContextTestExecutionListener, org.springframework.test.context.transaction.TransactionalTestExecutionListener, org.springframework.test.context.jdbc.SqlScriptsTestExecutionListener, org.springframework.test.context.event.EventPublishingTestExecutionListener]
14:35:51.241 [Test worker] INFO org.springframework.boot.test.context.SpringBootTestContextBootstrapper - Using TestExecutionListeners: [org.springframework.test.context.web.ServletTestExecutionListener@19fe4644, org.springframework.test.context.support.DirtiesContextBeforeModesTestExecutionListener@21d8bcbe, org.springframework.test.context.event.ApplicationEventsTestExecutionListener@5be067de, org.springframework.boot.test.mock.mockito.MockitoTestExecutionListener@7383eae2, org.springframework.boot.test.autoconfigure.SpringBootDependencyInjectionTestExecutionListener@18245eb0, org.springframework.test.context.support.DirtiesContextTestExecutionListener@7c7d3c46, org.springframework.test.context.transaction.TransactionalTestExecutionListener@24fb6a80, org.springframework.test.context.jdbc.SqlScriptsTestExecutionListener@48c35007, org.springframework.test.context.event.EventPublishingTestExecutionListener@72a85671, org.springframework.boot.test.autoconfigure.restdocs.RestDocsTestExecutionListener@6722db6e, org.springframework.boot.test.autoconfigure.web.client.MockRestServiceServerResetTestExecutionListener@18f20260, org.springframework.boot.test.autoconfigure.web.servlet.MockMvcPrintOnlyOnFailureTestExecutionListener@4ae33a11, org.springframework.boot.test.autoconfigure.web.servlet.WebDriverTestExecutionListener@7a48e6e2, org.springframework.boot.test.autoconfigure.webservices.client.MockWebServiceServerTestExecutionListener@b40bb6e, org.springframework.boot.test.mock.mockito.ResetMocksTestExecutionListener@3a94964]
14:35:51.245 [Test worker] DEBUG org.springframework.test.context.support.AbstractDirtiesContextTestExecutionListener - Before test class: context [DefaultTestContext@68d6972f testClass = ControllerTest, testInstance = [null], testMethod = [null], testException = [null], mergedContextConfiguration = [WebMergedContextConfiguration@45be7cd5 testClass = ControllerTest, locations = '{}', classes = '{class com.github.costacarol.coopmeeting.CoopMeetingApplication}', contextInitializerClasses = '[]', activeProfiles = '{}', propertySourceLocations = '{}', propertySourceProperties = '{org.springframework.boot.test.context.SpringBootTestContextBootstrapper=true}', contextCustomizers = set[org.springframework.boot.test.autoconfigure.actuate.metrics.MetricsExportContextCustomizerFactory$DisableMetricExportContextCustomizer@b2c5e07, org.springframework.boot.test.autoconfigure.properties.PropertyMappingContextCustomizer@4b3fa0b3, org.springframework.boot.test.autoconfigure.web.servlet.WebDriverContextCustomizerFactory$Customizer@5a1de7fb, [ImportsContextCustomizer@7651218e key = [org.springframework.boot.test.autoconfigure.web.servlet.MockMvcAutoConfiguration, org.springframework.boot.test.autoconfigure.web.servlet.MockMvcWebClientAutoConfiguration, org.springframework.boot.test.autoconfigure.web.servlet.MockMvcWebDriverAutoConfiguration, org.springframework.boot.autoconfigure.security.oauth2.client.servlet.OAuth2ClientAutoConfiguration, org.springframework.boot.autoconfigure.security.oauth2.resource.servlet.OAuth2ResourceServerAutoConfiguration, org.springframework.boot.autoconfigure.security.servlet.SecurityAutoConfiguration, org.springframework.boot.autoconfigure.security.servlet.SecurityFilterAutoConfiguration, org.springframework.boot.autoconfigure.security.servlet.UserDetailsServiceAutoConfiguration, org.springframework.boot.test.autoconfigure.web.servlet.MockMvcSecurityConfiguration]], org.springframework.boot.test.context.filter.ExcludeFilterContextCustomizer@2f1de2d6, org.springframework.boot.test.json.DuplicateJsonObjectContextCustomizerFactory$DuplicateJsonObjectContextCustomizer@3a0baae5, org.springframework.boot.test.mock.mockito.MockitoContextCustomizer@a362eb69, org.springframework.boot.test.web.client.TestRestTemplateContextCustomizer@2c1156a7, org.springframework.boot.test.context.SpringBootTestArgs@1, org.springframework.boot.test.context.SpringBootTestWebEnvironment@6aaceffd], resourceBasePath = 'src/main/webapp', contextLoader = 'org.springframework.boot.test.context.SpringBootContextLoader', parent = [null]], attributes = map['org.springframework.test.context.web.ServletTestExecutionListener.activateListener' -> true]], class annotated with @DirtiesContext [false] with mode [null].
14:35:51.323 [Test worker] DEBUG org.springframework.boot.ApplicationServletEnvironment - Activating profiles []
14:35:51.329 [Test worker] DEBUG org.springframework.test.context.support.TestPropertySourceUtils - Adding inlined properties to environment: {spring.jmx.enabled=false, org.springframework.boot.test.context.SpringBootTestContextBootstrapper=true}

  .   ____          _            __ _ _
 /\\ / ___'_ __ _ _(_)_ __  __ _ \ \ \ \
( ( )\___ | '_ | '_| | '_ \/ _` | \ \ \ \
 \\/  ___)| |_)| | | | | || (_| |  ) ) ) )
  '  |____| .__|_| |_|_| |_\__, | / / / /
 =========|_|==============|___/=/_/_/_/
 :: Spring Boot ::                (v2.5.7)

2021-12-24 14:35:51.832  INFO 9174 --- [    Test worker] c.g.c.coopmeeting.ControllerTest         : Starting ControllerTest using Java 16.0.1 on carolina with PID 9174 (started by carolina in /home/carolina/Desktop/CoopMeeting)
2021-12-24 14:35:51.834  INFO 9174 --- [    Test worker] c.g.c.coopmeeting.ControllerTest         : No active profile set, falling back to default profiles: default
2021-12-24 14:35:53.161  INFO 9174 --- [    Test worker] .s.d.r.c.RepositoryConfigurationDelegate : Bootstrapping Spring Data JPA repositories in DEFAULT mode.
2021-12-24 14:35:53.223  INFO 9174 --- [    Test worker] .s.d.r.c.RepositoryConfigurationDelegate : Finished Spring Data repository scanning in 52 ms. Found 4 JPA repository interfaces.
2021-12-24 14:35:55.444  INFO 9174 --- [    Test worker] o.hibernate.jpa.internal.util.LogHelper  : HHH000204: Processing PersistenceUnitInfo [name: default]
2021-12-24 14:35:55.566  INFO 9174 --- [    Test worker] org.hibernate.Version                    : HHH000412: Hibernate ORM core version 5.4.32.Final
2021-12-24 14:35:55.628  INFO 9174 --- [    Test worker] o.hibernate.annotations.common.Version   : HCANN000001: Hibernate Commons Annotations {5.1.2.Final}
2021-12-24 14:35:55.818  INFO 9174 --- [    Test worker] com.zaxxer.hikari.HikariDataSource       : HikariPool-1 - Starting...
2021-12-24 14:35:57.421  INFO 9174 --- [    Test worker] com.zaxxer.hikari.HikariDataSource       : HikariPool-1 - Start completed.
2021-12-24 14:35:57.486  INFO 9174 --- [    Test worker] org.hibernate.dialect.Dialect            : HHH000400: Using dialect: org.hibernate.dialect.MySQL8Dialect
2021-12-24 14:36:01.759  INFO 9174 --- [    Test worker] o.h.e.t.j.p.i.JtaPlatformInitiator       : HHH000490: Using JtaPlatform implementation: [org.hibernate.engine.transaction.jta.platform.internal.NoJtaPlatform]
2021-12-24 14:36:01.771  INFO 9174 --- [    Test worker] j.LocalContainerEntityManagerFactoryBean : Initialized JPA EntityManagerFactory for persistence unit 'default'
2021-12-24 14:36:02.333  WARN 9174 --- [    Test worker] JpaBaseConfiguration$JpaWebConfiguration : spring.jpa.open-in-view is enabled by default. Therefore, database queries may be performed during view rendering. Explicitly configure spring.jpa.open-in-view to disable this warning
2021-12-24 14:36:02.770  INFO 9174 --- [    Test worker] pertySourcedRequestMappingHandlerMapping : Mapped URL path [/v2/api-docs] onto method [springfox.documentation.swagger2.web.Swagger2Controller#getDocumentation(String, HttpServletRequest)]
2021-12-24 14:36:04.414  INFO 9174 --- [    Test worker] o.s.b.t.m.w.SpringBootMockServletContext : Initializing Spring TestDispatcherServlet ''
2021-12-24 14:36:04.414  INFO 9174 --- [    Test worker] o.s.t.web.servlet.TestDispatcherServlet  : Initializing Servlet ''
2021-12-24 14:36:04.415  INFO 9174 --- [    Test worker] o.s.t.web.servlet.TestDispatcherServlet  : Completed initialization in 1 ms
2021-12-24 14:36:04.434  INFO 9174 --- [    Test worker] d.s.w.p.DocumentationPluginsBootstrapper : Context refreshed
2021-12-24 14:36:04.491  INFO 9174 --- [    Test worker] d.s.w.p.DocumentationPluginsBootstrapper : Found 1 custom documentation plugin(s)
2021-12-24 14:36:04.529  INFO 9174 --- [    Test worker] s.d.s.w.s.ApiListingReferenceScanner     : Scanning for api listing references
2021-12-24 14:36:04.768  INFO 9174 --- [    Test worker] c.g.c.coopmeeting.ControllerTest         : Started ControllerTest in 13.436 seconds (JVM running for 15.594)

MockHttpServletRequest:
      HTTP Method = POST
      Request URI = /meeting/vote-option/yes
       Parameters = {}
          Headers = []
             Body = null
    Session Attrs = {}

Handler:
             Type = com.github.costacarol.coopmeeting.controller.Controller
           Method = com.github.costacarol.coopmeeting.controller.Controller#addNewVoteOption(String)

Async:
    Async started = false
     Async result = null

Resolved Exception:
             Type = null

ModelAndView:
        View name = null
             View = null
            Model = null

FlashMap:
       Attributes = null

MockHttpServletResponse:
           Status = 201
    Error message = null
          Headers = [Vary:"Origin", "Access-Control-Request-Method", "Access-Control-Request-Headers", Content-Type:"application/json"]
     Content type = application/json
             Body = {"idVote":null,"descriptionVote":"yes"}
    Forwarded URL = null
   Redirected URL = null
          Cookies = []

MockHttpServletRequest:
      HTTP Method = POST
      Request URI = /meeting/vote/1/1/1111111
       Parameters = {}
          Headers = []
             Body = null
    Session Attrs = {}

Handler:
             Type = com.github.costacarol.coopmeeting.controller.Controller
           Method = com.github.costacarol.coopmeeting.controller.Controller#addNewVote(Integer, Integer, String)

Async:
    Async started = false
     Async result = null

Resolved Exception:
             Type = null

ModelAndView:
        View name = null
             View = null
            Model = null

FlashMap:
       Attributes = null

MockHttpServletResponse:
           Status = 400
    Error message = null
          Headers = [Vary:"Origin", "Access-Control-Request-Method", "Access-Control-Request-Headers", Content-Type:"application/json"]
     Content type = application/json
             Body = false
    Forwarded URL = null
   Redirected URL = null
          Cookies = []

MockHttpServletRequest:
      HTTP Method = PUT
      Request URI = /meeting/open-session/1/1
       Parameters = {}
          Headers = []
             Body = null
    Session Attrs = {}

Handler:
             Type = com.github.costacarol.coopmeeting.controller.Controller
           Method = com.github.costacarol.coopmeeting.controller.Controller#openSessionWithTime(Integer, Long)

Async:
    Async started = false
     Async result = null

Resolved Exception:
             Type = null

ModelAndView:
        View name = null
             View = null
            Model = null

FlashMap:
       Attributes = null

MockHttpServletResponse:
           Status = 202
    Error message = null
          Headers = [Vary:"Origin", "Access-Control-Request-Method", "Access-Control-Request-Headers", Content-Type:"text/plain;charset=UTF-8", Content-Length:"52"]
     Content type = text/plain;charset=UTF-8
             Body = The session was open and will be close in 1 seconds.
    Forwarded URL = null
   Redirected URL = null
          Cookies = []

MockHttpServletRequest:
      HTTP Method = POST
      Request URI = /meeting/vote/1/1/11111111111
       Parameters = {}
          Headers = []
             Body = null
    Session Attrs = {}

Handler:
             Type = com.github.costacarol.coopmeeting.controller.Controller
           Method = com.github.costacarol.coopmeeting.controller.Controller#addNewVote(Integer, Integer, String)

Async:
    Async started = false
     Async result = null

Resolved Exception:
             Type = null

ModelAndView:
        View name = null
             View = null
            Model = null

FlashMap:
       Attributes = null

MockHttpServletResponse:
           Status = 201
    Error message = null
          Headers = [Vary:"Origin", "Access-Control-Request-Method", "Access-Control-Request-Headers", Content-Type:"application/json"]
     Content type = application/json
             Body = true
    Forwarded URL = null
   Redirected URL = null
          Cookies = []

MockHttpServletRequest:
      HTTP Method = GET
      Request URI = /meeting/compute/1
       Parameters = {}
          Headers = []
             Body = null
    Session Attrs = {}

Handler:
             Type = com.github.costacarol.coopmeeting.controller.Controller
           Method = com.github.costacarol.coopmeeting.controller.Controller#computeVotes(Integer)

Async:
    Async started = false
     Async result = null

Resolved Exception:
             Type = null

ModelAndView:
        View name = null
             View = null
            Model = null

FlashMap:
       Attributes = null

MockHttpServletResponse:
           Status = 200
    Error message = null
          Headers = [Vary:"Origin", "Access-Control-Request-Method", "Access-Control-Request-Headers", Content-Type:"application/json"]
     Content type = application/json
             Body = {"descriptionResponse":"No"}
    Forwarded URL = null
   Redirected URL = null
          Cookies = []

MockHttpServletRequest:
      HTTP Method = PUT
      Request URI = /meeting/open-session/1
       Parameters = {}
          Headers = []
             Body = null
    Session Attrs = {}

Handler:
             Type = com.github.costacarol.coopmeeting.controller.Controller
           Method = com.github.costacarol.coopmeeting.controller.Controller#openSessionDefault(Integer)

Async:
    Async started = false
     Async result = null

Resolved Exception:
             Type = null

ModelAndView:
        View name = null
             View = null
            Model = null

FlashMap:
       Attributes = null

MockHttpServletResponse:
           Status = 400
    Error message = null
          Headers = [Vary:"Origin", "Access-Control-Request-Method", "Access-Control-Request-Headers", Content-Type:"text/plain;charset=UTF-8", Content-Length:"59"]
     Content type = text/plain;charset=UTF-8
             Body = The schedule does not exist or the session is already open.
    Forwarded URL = null
   Redirected URL = null
          Cookies = []

MockHttpServletRequest:
      HTTP Method = POST
      Request URI = /meeting/associate/teste/12345678910
       Parameters = {}
          Headers = []
             Body = null
    Session Attrs = {}

Handler:
             Type = com.github.costacarol.coopmeeting.controller.Controller
           Method = com.github.costacarol.coopmeeting.controller.Controller#addNewAssociate(String, String)

Async:
    Async started = false
     Async result = null

Resolved Exception:
             Type = null

ModelAndView:
        View name = null
             View = null
            Model = null

FlashMap:
       Attributes = null

MockHttpServletResponse:
           Status = 201
    Error message = null
          Headers = [Vary:"Origin", "Access-Control-Request-Method", "Access-Control-Request-Headers", Content-Type:"application/json"]
     Content type = application/json
             Body = {"id":"12345678910","fullName":"teste"}
    Forwarded URL = null
   Redirected URL = null
          Cookies = []

MockHttpServletRequest:
      HTTP Method = GET
      Request URI = /meeting/compute/1
       Parameters = {}
          Headers = []
             Body = null
    Session Attrs = {}

Handler:
             Type = com.github.costacarol.coopmeeting.controller.Controller
           Method = com.github.costacarol.coopmeeting.controller.Controller#computeVotes(Integer)

Async:
    Async started = false
     Async result = null

Resolved Exception:
             Type = null

ModelAndView:
        View name = null
             View = null
            Model = null

FlashMap:
       Attributes = null

MockHttpServletResponse:
           Status = 400
    Error message = null
          Headers = [Vary:"Origin", "Access-Control-Request-Method", "Access-Control-Request-Headers", Content-Type:"application/json"]
     Content type = application/json
             Body = {"descriptionResponse":"It was not possible to compute the votes, check the schedule inserted or if the session was closed"}
    Forwarded URL = null
   Redirected URL = null
          Cookies = []

MockHttpServletRequest:
      HTTP Method = PUT
      Request URI = /meeting/open-session/1/1
       Parameters = {}
          Headers = []
             Body = null
    Session Attrs = {}

Handler:
             Type = com.github.costacarol.coopmeeting.controller.Controller
           Method = com.github.costacarol.coopmeeting.controller.Controller#openSessionWithTime(Integer, Long)

Async:
    Async started = false
     Async result = null

Resolved Exception:
             Type = null

ModelAndView:
        View name = null
             View = null
            Model = null

FlashMap:
       Attributes = null

MockHttpServletResponse:
           Status = 400
    Error message = null
          Headers = [Vary:"Origin", "Access-Control-Request-Method", "Access-Control-Request-Headers", Content-Type:"text/plain;charset=UTF-8", Content-Length:"59"]
     Content type = text/plain;charset=UTF-8
             Body = The schedule does not exist or the session is already open.
    Forwarded URL = null
   Redirected URL = null
          Cookies = []

MockHttpServletRequest:
      HTTP Method = GET
      Request URI = /meeting/compute/1
       Parameters = {}
          Headers = []
             Body = null
    Session Attrs = {}

Handler:
             Type = com.github.costacarol.coopmeeting.controller.Controller
           Method = com.github.costacarol.coopmeeting.controller.Controller#computeVotes(Integer)

Async:
    Async started = false
     Async result = null

Resolved Exception:
             Type = null

ModelAndView:
        View name = null
             View = null
            Model = null

FlashMap:
       Attributes = null

MockHttpServletResponse:
           Status = 200
    Error message = null
          Headers = [Vary:"Origin", "Access-Control-Request-Method", "Access-Control-Request-Headers", Content-Type:"application/json"]
     Content type = application/json
             Body = {"descriptionResponse":"Draw"}
    Forwarded URL = null
   Redirected URL = null
          Cookies = []

MockHttpServletRequest:
      HTTP Method = POST
      Request URI = /meeting/schedule
       Parameters = {}
          Headers = []
             Body = null
    Session Attrs = {}

Handler:
             Type = com.github.costacarol.coopmeeting.controller.Controller
           Method = com.github.costacarol.coopmeeting.controller.Controller#addNewSchedule()

Async:
    Async started = false
     Async result = null

Resolved Exception:
             Type = null

ModelAndView:
        View name = null
             View = null
            Model = null

FlashMap:
       Attributes = null

MockHttpServletResponse:
           Status = 201
    Error message = null
          Headers = [Vary:"Origin", "Access-Control-Request-Method", "Access-Control-Request-Headers", Content-Type:"application/json"]
     Content type = application/json
             Body = {"scheduleId":null,"date":null,"sessionVoteIsOpen":false,"voteResult":null}
    Forwarded URL = null
   Redirected URL = null
          Cookies = []

MockHttpServletRequest:
      HTTP Method = PUT
      Request URI = /meeting/open-session/1
       Parameters = {}
          Headers = []
             Body = null
    Session Attrs = {}

Handler:
             Type = com.github.costacarol.coopmeeting.controller.Controller
           Method = com.github.costacarol.coopmeeting.controller.Controller#openSessionDefault(Integer)

Async:
    Async started = false
     Async result = null

Resolved Exception:
             Type = null

ModelAndView:
        View name = null
             View = null
            Model = null

FlashMap:
       Attributes = null

MockHttpServletResponse:
           Status = 202
    Error message = null
          Headers = [Vary:"Origin", "Access-Control-Request-Method", "Access-Control-Request-Headers", Content-Type:"text/plain;charset=UTF-8", Content-Length:"53"]
     Content type = text/plain;charset=UTF-8
             Body = The session was open and will be close in 60 seconds.
    Forwarded URL = null
   Redirected URL = null
          Cookies = []

MockHttpServletRequest:
      HTTP Method = GET
      Request URI = /meeting/compute/1
       Parameters = {}
          Headers = []
             Body = null
    Session Attrs = {}

Handler:
             Type = com.github.costacarol.coopmeeting.controller.Controller
           Method = com.github.costacarol.coopmeeting.controller.Controller#computeVotes(Integer)

Async:
    Async started = false
     Async result = null

Resolved Exception:
             Type = null

ModelAndView:
        View name = null
             View = null
            Model = null

FlashMap:
       Attributes = null

MockHttpServletResponse:
           Status = 200
    Error message = null
          Headers = [Vary:"Origin", "Access-Control-Request-Method", "Access-Control-Request-Headers", Content-Type:"application/json"]
     Content type = application/json
             Body = {"descriptionResponse":"Yes"}
    Forwarded URL = null
   Redirected URL = null
          Cookies = []
]]></system-out>
  <system-err><![CDATA[]]></system-err>
</testsuite>
